2021-04-14 16:19:11,146 Started
2021-04-14 16:19:16,130 Start challenge category choice.
2021-04-14 16:19:17,107 End challenge category choice.
2021-04-14 16:19:17,107 Start challenge language choice.
2021-04-14 16:19:17,107 End challenge category choice.
2021-04-14 16:19:17,907 End challenge language choice.
2021-04-14 16:19:17,908 Start folder and starter files generation.
2021-04-14 16:19:24,900 End folder and starter files generation.
2021-04-14 16:19:24,900 Start challenge code generation.
2021-04-14 16:19:24,903 End challenge code generation.
2021-04-14 16:19:24,903 Start challenge tests code generation.
2021-04-14 16:19:24,924 End challenge tests code generation.
2021-04-14 16:19:24,925 Start run challenge bash script generation.
2021-04-14 16:19:24,926 End run challenge bash script generation.
2021-04-14 16:19:24,926 Ended
2021-04-14 17:08:33,303 Started
2021-04-14 17:08:37,608 Start challenge category choice.
2021-04-14 17:08:38,875 End challenge category choice.
2021-04-14 17:08:38,875 Start challenge language choice.
2021-04-14 17:08:38,875 End challenge category choice.
2021-04-14 17:08:39,550 End challenge language choice.
2021-04-14 17:08:39,550 Start folder and starter files generation.
2021-04-14 17:08:47,592 End folder and starter files generation.
2021-04-14 17:08:47,592 Start challenge code generation.
2021-04-14 17:08:47,594 End challenge code generation.
2021-04-14 17:08:47,595 Start challenge tests code generation.
2021-04-14 17:08:47,597 End challenge tests code generation.
2021-04-14 17:08:47,597 Start run challenge bash script generation.
2021-04-14 17:08:47,598 End run challenge bash script generation.
2021-04-14 17:08:47,598 Ended
2021-04-15 11:05:08,542 Started
2021-04-15 11:05:18,155 Start challenge category choice.
2021-04-15 11:05:20,178 End challenge category choice.
2021-04-15 11:05:20,178 Start challenge language choice.
2021-04-15 11:05:20,178 End challenge category choice.
2021-04-15 11:05:21,131 End challenge language choice.
2021-04-15 11:05:21,131 Start folder and starter files generation.
2021-04-15 11:05:32,204 End folder and starter files generation.
2021-04-15 11:05:32,204 Start challenge code generation.
2021-04-15 11:05:32,213 End challenge code generation.
2021-04-15 11:05:32,214 Start challenge tests code generation.
2021-04-15 11:05:32,238 End challenge tests code generation.
2021-04-15 11:05:32,238 Start run challenge bash script generation.
2021-04-15 11:05:32,246 End run challenge bash script generation.
2021-04-15 11:05:32,246 Ended
